[INFO ] 2018-08-23 10:57:43,991 Main.main() - Application started at 2018-08-23T10:57:43.984548400
[DEBUG] 2018-08-23 10:57:50,277 EU4Preloader.changeState() - changeState
[DEBUG] 2018-08-23 10:57:50,290 EU4Preloader.changeState() - loading...
[DEBUG] 2018-08-23 10:57:50,311 FileProvider.loadProvinces() - generating provinces
[DEBUG] 2018-08-23 10:57:50,595 FileProvider.loadTerrain() - reading terrain map image from C:\Program Files (x86)\Steam\steamapps\common\Europa Universalis IV\map\terrain.bmp
[DEBUG] 2018-08-23 10:57:50,817 FileProvider.loadRivers() - reading river map image from C:\Program Files (x86)\Steam\steamapps\common\Europa Universalis IV\map\rivers.bmp
[DEBUG] 2018-08-23 10:57:50,981 FileProvider.loadHeightmap() - reading heightmap image from C:\Program Files (x86)\Steam\steamapps\common\Europa Universalis IV\map\heightmap.bmp
[DEBUG] 2018-08-23 10:57:51,147 MapProvider.updateProvinceMap() - updating map
[DEBUG] 2018-08-23 10:57:55,075 EU4Preloader.changeState() - changeState
[DEBUG] 2018-08-23 10:57:55,076 EU4Preloader.changeState() - loaded
[ERROR] 2018-08-23 10:58:49,717 ProvinceMapLayer.lambda$new$0() - null MouseX: 758.6666666666666 MouseY: 302.00000000000006
[ERROR] 2018-08-23 10:58:53,721 ProvinceMapLayer.lambda$new$0() - null MouseX: 746.6666666666666 MouseY: 304.6666666666667
[ERROR] 2018-08-23 10:58:53,735 ProvinceMapLayer.lambda$new$0() - null MouseX: 740.6666666666666 MouseY: 299.33333333333337
[ERROR] 2018-08-23 10:58:53,741 ProvinceMapLayer.lambda$new$0() - null MouseX: 733.3333333333334 MouseY: 293.33333333333337
[ERROR] 2018-08-23 10:58:53,756 ProvinceMapLayer.lambda$new$0() - null MouseX: 724.6666666666666 MouseY: 285.33333333333337
[ERROR] 2018-08-23 10:58:53,772 ProvinceMapLayer.lambda$new$0() - null MouseX: 714.6666666666666 MouseY: 278.6666666666667
[ERROR] 2018-08-23 10:58:53,783 ProvinceMapLayer.lambda$new$0() - null MouseX: 706.0 MouseY: 270.00000000000006
[ERROR] 2018-08-23 10:58:53,798 ProvinceMapLayer.lambda$new$0() - null MouseX: 696.0 MouseY: 263.33333333333337
[ERROR] 2018-08-23 10:58:53,805 ProvinceMapLayer.lambda$new$0() - null MouseX: 687.3333333333334 MouseY: 256.00000000000006
[ERROR] 2018-08-23 10:58:53,820 ProvinceMapLayer.lambda$new$0() - null MouseX: 680.0 MouseY: 249.33333333333331
[ERROR] 2018-08-23 10:58:53,831 ProvinceMapLayer.lambda$new$0() - null MouseX: 674.0 MouseY: 245.33333333333331
[ERROR] 2018-08-23 10:58:53,845 ProvinceMapLayer.lambda$new$0() - null MouseX: 669.3333333333334 MouseY: 242.66666666666663
[ERROR] 2018-08-23 10:58:53,858 ProvinceMapLayer.lambda$new$0() - null MouseX: 666.6666666666666 MouseY: 240.0
[ERROR] 2018-08-23 10:58:53,869 ProvinceMapLayer.lambda$new$0() - null MouseX: 665.3333333333334 MouseY: 238.66666666666663
[ERROR] 2018-08-23 10:58:53,879 ProvinceMapLayer.lambda$new$0() - null MouseX: 664.6666666666666 MouseY: 238.0
[ERROR] 2018-08-23 10:58:53,907 ProvinceMapLayer.lambda$new$0() - null MouseX: 664.6666666666666 MouseY: 237.33333333333331
[ERROR] 2018-08-23 10:58:54,030 ProvinceMapLayer.lambda$new$0() - null MouseX: 665.3333333333334 MouseY: 237.33333333333331
[ERROR] 2018-08-23 10:58:54,102 ProvinceMapLayer.lambda$new$0() - null MouseX: 666.0 MouseY: 237.33333333333331
[ERROR] 2018-08-23 10:58:54,145 ProvinceMapLayer.lambda$new$0() - null MouseX: 666.6666666666666 MouseY: 237.33333333333331
[ERROR] 2018-08-23 10:58:54,253 ProvinceMapLayer.lambda$new$0() - null MouseX: 667.3333333333334 MouseY: 238.0
[ERROR] 2018-08-23 10:58:54,335 ProvinceMapLayer.lambda$new$0() - null MouseX: 668.0 MouseY: 238.66666666666663
[ERROR] 2018-08-23 10:58:54,397 ProvinceMapLayer.lambda$new$0() - null MouseX: 668.6666666666666 MouseY: 239.33333333333331
[ERROR] 2018-08-23 10:58:55,128 ProvinceMapLayer.lambda$new$0() - null MouseX: 669.3333333333334 MouseY: 239.33333333333331
[ERROR] 2018-08-23 10:58:55,157 ProvinceMapLayer.lambda$new$0() - null MouseX: 670.0 MouseY: 240.0
[ERROR] 2018-08-23 10:58:55,170 ProvinceMapLayer.lambda$new$0() - null MouseX: 670.6666666666666 MouseY: 240.0
[ERROR] 2018-08-23 10:58:55,197 ProvinceMapLayer.lambda$new$0() - null MouseX: 670.6666666666666 MouseY: 240.66666666666663
[ERROR] 2018-08-23 10:58:55,220 ProvinceMapLayer.lambda$new$0() - null MouseX: 672.0 MouseY: 242.0
[ERROR] 2018-08-23 10:58:55,233 ProvinceMapLayer.lambda$new$0() - null MouseX: 674.6666666666666 MouseY: 243.33333333333331
[ERROR] 2018-08-23 10:58:55,260 ProvinceMapLayer.lambda$new$0() - null MouseX: 687.3333333333334 MouseY: 252.0
[ERROR] 2018-08-23 10:58:55,298 ProvinceMapLayer.lambda$new$0() - null MouseX: 704.6666666666666 MouseY: 267.33333333333337
[ERROR] 2018-08-23 10:58:55,346 ProvinceMapLayer.lambda$new$0() - null MouseX: 730.6666666666666 MouseY: 289.33333333333337
[ERROR] 2018-08-23 10:58:55,382 ProvinceMapLayer.lambda$new$0() - null MouseX: 746.0 MouseY: 302.00000000000006
[ERROR] 2018-08-23 10:58:57,331 ProvinceMapLayer.lambda$new$0() - null MouseX: 762.0 MouseY: 312.6666666666667
[ERROR] 2018-08-23 10:58:57,344 ProvinceMapLayer.lambda$new$0() - null MouseX: 762.0 MouseY: 313.33333333333337
[ERROR] 2018-08-23 10:58:57,359 ProvinceMapLayer.lambda$new$0() - null MouseX: 762.6666666666666 MouseY: 313.33333333333337
[ERROR] 2018-08-23 10:58:57,388 ProvinceMapLayer.lambda$new$0() - null MouseX: 763.3333333333334 MouseY: 314.00000000000006
[ERROR] 2018-08-23 10:58:57,399 ProvinceMapLayer.lambda$new$0() - null MouseX: 764.0 MouseY: 314.00000000000006
[ERROR] 2018-08-23 10:58:57,406 ProvinceMapLayer.lambda$new$0() - null MouseX: 764.6666666666666 MouseY: 314.00000000000006
[ERROR] 2018-08-23 10:58:57,433 ProvinceMapLayer.lambda$new$0() - null MouseX: 764.6666666666666 MouseY: 314.6666666666667
[ERROR] 2018-08-23 10:59:03,130 ProvinceMapLayer.lambda$new$0() - null MouseX: 726.0 MouseY: 316.6666666666667
[ERROR] 2018-08-23 10:59:03,134 ProvinceMapLayer.lambda$new$0() - null MouseX: 724.6666666666666 MouseY: 316.00000000000006
[ERROR] 2018-08-23 10:59:03,144 ProvinceMapLayer.lambda$new$0() - null MouseX: 724.0 MouseY: 316.00000000000006
[ERROR] 2018-08-23 10:59:03,170 ProvinceMapLayer.lambda$new$0() - null MouseX: 723.3333333333334 MouseY: 316.00000000000006
[ERROR] 2018-08-23 10:59:03,180 ProvinceMapLayer.lambda$new$0() - null MouseX: 722.0 MouseY: 314.6666666666667
[ERROR] 2018-08-23 10:59:03,194 ProvinceMapLayer.lambda$new$0() - null MouseX: 719.3333333333334 MouseY: 312.6666666666667
[ERROR] 2018-08-23 10:59:03,205 ProvinceMapLayer.lambda$new$0() - null MouseX: 715.3333333333334 MouseY: 310.00000000000006
[ERROR] 2018-08-23 10:59:03,218 ProvinceMapLayer.lambda$new$0() - null MouseX: 709.3333333333334 MouseY: 306.00000000000006
[ERROR] 2018-08-23 10:59:03,233 ProvinceMapLayer.lambda$new$0() - null MouseX: 702.0 MouseY: 300.6666666666667
[ERROR] 2018-08-23 10:59:03,244 ProvinceMapLayer.lambda$new$0() - null MouseX: 694.0 MouseY: 295.33333333333337
[ERROR] 2018-08-23 10:59:03,253 ProvinceMapLayer.lambda$new$0() - null MouseX: 686.6666666666666 MouseY: 290.00000000000006
[ERROR] 2018-08-23 10:59:03,266 ProvinceMapLayer.lambda$new$0() - null MouseX: 678.6666666666666 MouseY: 285.33333333333337
[ERROR] 2018-08-23 10:59:03,281 ProvinceMapLayer.lambda$new$0() - null MouseX: 671.3333333333334 MouseY: 280.00000000000006
[ERROR] 2018-08-23 10:59:03,288 ProvinceMapLayer.lambda$new$0() - null MouseX: 666.6666666666666 MouseY: 274.00000000000006
[ERROR] 2018-08-23 10:59:03,305 ProvinceMapLayer.lambda$new$0() - null MouseX: 662.6666666666666 MouseY: 268.6666666666667
[ERROR] 2018-08-23 10:59:03,317 ProvinceMapLayer.lambda$new$0() - null MouseX: 659.3333333333334 MouseY: 266.00000000000006
[ERROR] 2018-08-23 10:59:03,329 ProvinceMapLayer.lambda$new$0() - null MouseX: 658.0 MouseY: 264.6666666666667
[ERROR] 2018-08-23 10:59:03,343 ProvinceMapLayer.lambda$new$0() - null MouseX: 656.6666666666666 MouseY: 263.33333333333337
[ERROR] 2018-08-23 10:59:03,353 ProvinceMapLayer.lambda$new$0() - null MouseX: 656.0 MouseY: 262.6666666666667
[ERROR] 2018-08-23 10:59:03,364 ProvinceMapLayer.lambda$new$0() - null MouseX: 654.6666666666666 MouseY: 261.33333333333337
[ERROR] 2018-08-23 10:59:03,405 ProvinceMapLayer.lambda$new$0() - null MouseX: 654.0 MouseY: 261.33333333333337
[ERROR] 2018-08-23 10:59:03,646 ProvinceMapLayer.lambda$new$0() - null MouseX: 654.6666666666666 MouseY: 262.00000000000006
[ERROR] 2018-08-23 10:59:03,702 ProvinceMapLayer.lambda$new$0() - null MouseX: 655.3333333333334 MouseY: 262.00000000000006
[ERROR] 2018-08-23 10:59:03,729 ProvinceMapLayer.lambda$new$0() - null MouseX: 655.3333333333334 MouseY: 262.6666666666667
[ERROR] 2018-08-23 10:59:07,428 ProvinceMapLayer.lambda$new$0() - null MouseX: 505.33333333333337 MouseY: 377.33333333333337
[ERROR] 2018-08-23 10:59:08,446 ProvinceMapLayer.lambda$new$0() - null MouseX: 510.0 MouseY: 376.00000000000006
[ERROR] 2018-08-23 10:59:08,453 ProvinceMapLayer.lambda$new$0() - null MouseX: 516.0 MouseY: 373.33333333333337
[ERROR] 2018-08-23 10:59:08,466 ProvinceMapLayer.lambda$new$0() - null MouseX: 524.0 MouseY: 370.00000000000006
[ERROR] 2018-08-23 10:59:08,473 ProvinceMapLayer.lambda$new$0() - null MouseX: 534.0 MouseY: 364.6666666666667
[ERROR] 2018-08-23 10:59:08,486 ProvinceMapLayer.lambda$new$0() - null MouseX: 544.0 MouseY: 359.33333333333337
[ERROR] 2018-08-23 10:59:08,501 ProvinceMapLayer.lambda$new$0() - null MouseX: 556.6666666666666 MouseY: 350.6666666666667
[ERROR] 2018-08-23 10:59:08,514 ProvinceMapLayer.lambda$new$0() - null MouseX: 569.3333333333334 MouseY: 345.33333333333337
[ERROR] 2018-08-23 10:59:08,522 ProvinceMapLayer.lambda$new$0() - null MouseX: 584.0 MouseY: 338.00000000000006
[ERROR] 2018-08-23 10:59:08,534 ProvinceMapLayer.lambda$new$0() - null MouseX: 601.3333333333334 MouseY: 330.00000000000006
[ERROR] 2018-08-23 10:59:08,550 ProvinceMapLayer.lambda$new$0() - null MouseX: 616.6666666666666 MouseY: 323.33333333333337
[ERROR] 2018-08-23 10:59:08,556 ProvinceMapLayer.lambda$new$0() - null MouseX: 628.6666666666666 MouseY: 318.00000000000006
[ERROR] 2018-08-23 10:59:08,569 ProvinceMapLayer.lambda$new$0() - null MouseX: 641.3333333333334 MouseY: 313.33333333333337
[ERROR] 2018-08-23 10:59:08,597 ProvinceMapLayer.lambda$new$0() - null MouseX: 670.0 MouseY: 305.33333333333337
[ERROR] 2018-08-23 10:59:08,624 ProvinceMapLayer.lambda$new$0() - null MouseX: 693.3333333333334 MouseY: 300.00000000000006
[ERROR] 2018-08-23 10:59:08,653 ProvinceMapLayer.lambda$new$0() - null MouseX: 724.0 MouseY: 295.33333333333337
[ERROR] 2018-08-23 10:59:08,683 ProvinceMapLayer.lambda$new$0() - null MouseX: 743.3333333333334 MouseY: 294.6666666666667
[ERROR] 2018-08-23 10:59:08,699 ProvinceMapLayer.lambda$new$0() - null MouseX: 752.0 MouseY: 294.6666666666667
[ERROR] 2018-08-23 10:59:08,723 ProvinceMapLayer.lambda$new$0() - null MouseX: 753.3333333333334 MouseY: 294.6666666666667
[ERROR] 2018-08-23 10:59:08,739 ProvinceMapLayer.lambda$new$0() - null MouseX: 754.6666666666666 MouseY: 296.00000000000006
[ERROR] 2018-08-23 10:59:08,749 ProvinceMapLayer.lambda$new$0() - null MouseX: 754.6666666666666 MouseY: 296.6666666666667
[ERROR] 2018-08-23 10:59:08,761 ProvinceMapLayer.lambda$new$0() - null MouseX: 754.6666666666666 MouseY: 297.33333333333337
[ERROR] 2018-08-23 10:59:08,769 ProvinceMapLayer.lambda$new$0() - null MouseX: 754.6666666666666 MouseY: 298.00000000000006
[ERROR] 2018-08-23 10:59:08,782 ProvinceMapLayer.lambda$new$0() - null MouseX: 754.0 MouseY: 300.00000000000006
[ERROR] 2018-08-23 10:59:08,795 ProvinceMapLayer.lambda$new$0() - null MouseX: 752.6666666666666 MouseY: 302.00000000000006
[ERROR] 2018-08-23 10:59:08,809 ProvinceMapLayer.lambda$new$0() - null MouseX: 751.3333333333334 MouseY: 304.00000000000006
[ERROR] 2018-08-23 10:59:08,816 ProvinceMapLayer.lambda$new$0() - null MouseX: 750.0 MouseY: 305.33333333333337
[ERROR] 2018-08-23 10:59:08,829 ProvinceMapLayer.lambda$new$0() - null MouseX: 747.3333333333334 MouseY: 308.6666666666667
[ERROR] 2018-08-23 10:59:08,843 ProvinceMapLayer.lambda$new$0() - null MouseX: 746.6666666666666 MouseY: 310.00000000000006
[ERROR] 2018-08-23 10:59:08,850 ProvinceMapLayer.lambda$new$0() - null MouseX: 745.3333333333334 MouseY: 312.6666666666667
[ERROR] 2018-08-23 10:59:08,865 ProvinceMapLayer.lambda$new$0() - null MouseX: 744.6666666666666 MouseY: 314.00000000000006
[ERROR] 2018-08-23 10:59:08,882 ProvinceMapLayer.lambda$new$0() - null MouseX: 744.0 MouseY: 315.33333333333337
[ERROR] 2018-08-23 10:59:08,894 ProvinceMapLayer.lambda$new$0() - null MouseX: 742.6666666666666 MouseY: 316.6666666666667
[ERROR] 2018-08-23 10:59:08,901 ProvinceMapLayer.lambda$new$0() - null MouseX: 742.6666666666666 MouseY: 317.33333333333337
[ERROR] 2018-08-23 10:59:08,918 ProvinceMapLayer.lambda$new$0() - null MouseX: 742.6666666666666 MouseY: 318.00000000000006
[ERROR] 2018-08-23 10:59:08,941 ProvinceMapLayer.lambda$new$0() - null MouseX: 742.6666666666666 MouseY: 318.6666666666667
[ERROR] 2018-08-23 10:59:08,982 ProvinceMapLayer.lambda$new$0() - null MouseX: 742.6666666666666 MouseY: 319.33333333333337
[ERROR] 2018-08-23 10:59:09,045 ProvinceMapLayer.lambda$new$0() - null MouseX: 743.3333333333334 MouseY: 319.33333333333337
[ERROR] 2018-08-23 10:59:09,066 ProvinceMapLayer.lambda$new$0() - null MouseX: 744.0 MouseY: 320.00000000000006
[ERROR] 2018-08-23 10:59:09,081 ProvinceMapLayer.lambda$new$0() - null MouseX: 744.6666666666666 MouseY: 320.00000000000006
[ERROR] 2018-08-23 10:59:09,095 ProvinceMapLayer.lambda$new$0() - null MouseX: 746.0 MouseY: 320.6666666666667
[ERROR] 2018-08-23 10:59:09,114 ProvinceMapLayer.lambda$new$0() - null MouseX: 746.6666666666666 MouseY: 320.6666666666667
[ERROR] 2018-08-23 10:59:09,137 ProvinceMapLayer.lambda$new$0() - null MouseX: 748.0 MouseY: 321.33333333333337
[ERROR] 2018-08-23 10:59:09,146 ProvinceMapLayer.lambda$new$0() - null MouseX: 748.6666666666666 MouseY: 321.33333333333337
[ERROR] 2018-08-23 10:59:09,164 ProvinceMapLayer.lambda$new$0() - null MouseX: 751.3333333333334 MouseY: 322.00000000000006
[ERROR] 2018-08-23 10:59:09,167 ProvinceMapLayer.lambda$new$0() - null MouseX: 753.3333333333334 MouseY: 322.6666666666667
[ERROR] 2018-08-23 10:59:09,177 ProvinceMapLayer.lambda$new$0() - null MouseX: 755.3333333333334 MouseY: 323.33333333333337
[ERROR] 2018-08-23 10:59:09,189 ProvinceMapLayer.lambda$new$0() - null MouseX: 759.3333333333334 MouseY: 324.00000000000006
[ERROR] 2018-08-23 10:59:09,205 ProvinceMapLayer.lambda$new$0() - null MouseX: 762.0 MouseY: 325.33333333333337
[ERROR] 2018-08-23 10:59:09,222 ProvinceMapLayer.lambda$new$0() - null MouseX: 764.6666666666666 MouseY: 325.33333333333337
[ERROR] 2018-08-23 10:59:09,237 ProvinceMapLayer.lambda$new$0() - null MouseX: 767.3333333333334 MouseY: 326.6666666666667
[ERROR] 2018-08-23 10:59:09,247 ProvinceMapLayer.lambda$new$0() - null MouseX: 768.0 MouseY: 326.6666666666667
[ERROR] 2018-08-23 10:59:09,259 ProvinceMapLayer.lambda$new$0() - null MouseX: 769.3333333333334 MouseY: 326.6666666666667
[ERROR] 2018-08-23 10:59:09,287 ProvinceMapLayer.lambda$new$0() - null MouseX: 770.0 MouseY: 326.6666666666667
[ERROR] 2018-08-23 10:59:09,297 ProvinceMapLayer.lambda$new$0() - null MouseX: 770.6666666666666 MouseY: 326.6666666666667
[ERROR] 2018-08-23 10:59:09,308 ProvinceMapLayer.lambda$new$0() - null MouseX: 770.6666666666666 MouseY: 327.33333333333337
[ERROR] 2018-08-23 10:59:09,344 ProvinceMapLayer.lambda$new$0() - null MouseX: 771.3333333333334 MouseY: 327.33333333333337
[ERROR] 2018-08-23 10:59:09,378 ProvinceMapLayer.lambda$new$0() - null MouseX: 771.3333333333334 MouseY: 328.00000000000006
[ERROR] 2018-08-23 10:59:09,410 ProvinceMapLayer.lambda$new$0() - null MouseX: 772.0 MouseY: 328.6666666666667
[ERROR] 2018-08-23 10:59:09,425 ProvinceMapLayer.lambda$new$0() - null MouseX: 772.6666666666666 MouseY: 328.6666666666667
[ERROR] 2018-08-23 10:59:09,458 ProvinceMapLayer.lambda$new$0() - null MouseX: 773.3333333333334 MouseY: 328.6666666666667
[ERROR] 2018-08-23 10:59:09,506 ProvinceMapLayer.lambda$new$0() - null MouseX: 774.0 MouseY: 329.33333333333337
[ERROR] 2018-08-23 10:59:09,656 ProvinceMapLayer.lambda$new$0() - null MouseX: 773.3333333333334 MouseY: 330.00000000000006
[ERROR] 2018-08-23 10:59:09,689 ProvinceMapLayer.lambda$new$0() - null MouseX: 772.6666666666666 MouseY: 330.00000000000006
[ERROR] 2018-08-23 10:59:09,734 ProvinceMapLayer.lambda$new$0() - null MouseX: 772.0 MouseY: 330.00000000000006
[ERROR] 2018-08-23 10:59:09,769 ProvinceMapLayer.lambda$new$0() - null MouseX: 771.3333333333334 MouseY: 330.00000000000006
[ERROR] 2018-08-23 10:59:09,803 ProvinceMapLayer.lambda$new$0() - null MouseX: 770.6666666666666 MouseY: 330.00000000000006
[ERROR] 2018-08-23 10:59:09,817 ProvinceMapLayer.lambda$new$0() - null MouseX: 770.0 MouseY: 330.00000000000006
[ERROR] 2018-08-23 10:59:09,831 ProvinceMapLayer.lambda$new$0() - null MouseX: 768.6666666666666 MouseY: 330.00000000000006
[ERROR] 2018-08-23 10:59:09,845 ProvinceMapLayer.lambda$new$0() - null MouseX: 767.3333333333334 MouseY: 329.33333333333337
[ERROR] 2018-08-23 10:59:09,851 ProvinceMapLayer.lambda$new$0() - null MouseX: 764.6666666666666 MouseY: 329.33333333333337
[ERROR] 2018-08-23 10:59:09,865 ProvinceMapLayer.lambda$new$0() - null MouseX: 759.3333333333334 MouseY: 329.33333333333337
[ERROR] 2018-08-23 10:59:09,881 ProvinceMapLayer.lambda$new$0() - null MouseX: 751.3333333333334 MouseY: 328.00000000000006
[ERROR] 2018-08-23 10:59:09,888 ProvinceMapLayer.lambda$new$0() - null MouseX: 742.6666666666666 MouseY: 326.00000000000006
[ERROR] 2018-08-23 10:59:09,902 ProvinceMapLayer.lambda$new$0() - null MouseX: 733.3333333333334 MouseY: 325.33333333333337
[ERROR] 2018-08-23 10:59:09,917 ProvinceMapLayer.lambda$new$0() - null MouseX: 725.3333333333334 MouseY: 322.6666666666667
[ERROR] 2018-08-23 10:59:09,933 ProvinceMapLayer.lambda$new$0() - null MouseX: 718.0 MouseY: 320.6666666666667
[ERROR] 2018-08-23 10:59:09,942 ProvinceMapLayer.lambda$new$0() - null MouseX: 712.6666666666666 MouseY: 319.33333333333337
[ERROR] 2018-08-23 10:59:09,951 ProvinceMapLayer.lambda$new$0() - null MouseX: 708.0 MouseY: 317.33333333333337
[ERROR] 2018-08-23 10:59:09,965 ProvinceMapLayer.lambda$new$0() - null MouseX: 705.3333333333334 MouseY: 316.00000000000006
[ERROR] 2018-08-23 10:59:09,971 ProvinceMapLayer.lambda$new$0() - null MouseX: 704.0 MouseY: 314.6666666666667
[ERROR] 2018-08-23 10:59:09,984 ProvinceMapLayer.lambda$new$0() - null MouseX: 702.6666666666666 MouseY: 312.6666666666667
[ERROR] 2018-08-23 10:59:09,997 ProvinceMapLayer.lambda$new$0() - null MouseX: 702.0 MouseY: 312.6666666666667
[ERROR] 2018-08-23 10:59:10,011 ProvinceMapLayer.lambda$new$0() - null MouseX: 701.3333333333334 MouseY: 311.33333333333337
[ERROR] 2018-08-23 10:59:10,017 ProvinceMapLayer.lambda$new$0() - null MouseX: 701.3333333333334 MouseY: 310.6666666666667
[ERROR] 2018-08-23 10:59:10,030 ProvinceMapLayer.lambda$new$0() - null MouseX: 700.0 MouseY: 309.33333333333337
[ERROR] 2018-08-23 10:59:10,044 ProvinceMapLayer.lambda$new$0() - null MouseX: 698.6666666666666 MouseY: 308.6666666666667
[ERROR] 2018-08-23 10:59:10,058 ProvinceMapLayer.lambda$new$0() - null MouseX: 698.0 MouseY: 308.6666666666667
[ERROR] 2018-08-23 10:59:10,065 ProvinceMapLayer.lambda$new$0() - null MouseX: 696.6666666666666 MouseY: 308.00000000000006
[ERROR] 2018-08-23 10:59:10,079 ProvinceMapLayer.lambda$new$0() - null MouseX: 696.0 MouseY: 307.33333333333337
[ERROR] 2018-08-23 10:59:10,092 ProvinceMapLayer.lambda$new$0() - null MouseX: 694.6666666666666 MouseY: 307.33333333333337
[ERROR] 2018-08-23 10:59:10,100 ProvinceMapLayer.lambda$new$0() - null MouseX: 694.0 MouseY: 306.6666666666667
[ERROR] 2018-08-23 10:59:10,113 ProvinceMapLayer.lambda$new$0() - null MouseX: 693.3333333333334 MouseY: 306.6666666666667
[ERROR] 2018-08-23 10:59:10,127 ProvinceMapLayer.lambda$new$0() - null MouseX: 693.3333333333334 MouseY: 306.00000000000006
[ERROR] 2018-08-23 10:59:10,148 ProvinceMapLayer.lambda$new$0() - null MouseX: 692.6666666666666 MouseY: 305.33333333333337
[ERROR] 2018-08-23 10:59:10,176 ProvinceMapLayer.lambda$new$0() - null MouseX: 692.0 MouseY: 305.33333333333337
[ERROR] 2018-08-23 10:59:10,190 ProvinceMapLayer.lambda$new$0() - null MouseX: 691.3333333333334 MouseY: 305.33333333333337
[ERROR] 2018-08-23 10:59:10,256 ProvinceMapLayer.lambda$new$0() - null MouseX: 690.6666666666666 MouseY: 305.33333333333337
[ERROR] 2018-08-23 10:59:10,259 ProvinceMapLayer.lambda$new$0() - null MouseX: 690.0 MouseY: 304.6666666666667
[ERROR] 2018-08-23 10:59:10,307 ProvinceMapLayer.lambda$new$0() - null MouseX: 689.3333333333334 MouseY: 304.00000000000006
[ERROR] 2018-08-23 10:59:10,314 ProvinceMapLayer.lambda$new$0() - null MouseX: 688.6666666666666 MouseY: 304.00000000000006
[ERROR] 2018-08-23 10:59:10,362 ProvinceMapLayer.lambda$new$0() - null MouseX: 687.3333333333334 MouseY: 303.33333333333337
[ERROR] 2018-08-23 10:59:10,390 ProvinceMapLayer.lambda$new$0() - null MouseX: 686.0 MouseY: 303.33333333333337
[ERROR] 2018-08-23 10:59:10,411 ProvinceMapLayer.lambda$new$0() - null MouseX: 684.6666666666666 MouseY: 303.33333333333337
[ERROR] 2018-08-23 10:59:10,426 ProvinceMapLayer.lambda$new$0() - null MouseX: 683.3333333333334 MouseY: 303.33333333333337
[ERROR] 2018-08-23 10:59:10,440 ProvinceMapLayer.lambda$new$0() - null MouseX: 680.6666666666666 MouseY: 303.33333333333337
[ERROR] 2018-08-23 10:59:10,452 ProvinceMapLayer.lambda$new$0() - null MouseX: 676.6666666666666 MouseY: 302.6666666666667
[ERROR] 2018-08-23 10:59:10,465 ProvinceMapLayer.lambda$new$0() - null MouseX: 668.0 MouseY: 301.33333333333337
[ERROR] 2018-08-23 10:59:10,479 ProvinceMapLayer.lambda$new$0() - null MouseX: 658.6666666666666 MouseY: 300.6666666666667
[ERROR] 2018-08-23 10:59:10,499 ProvinceMapLayer.lambda$new$0() - null MouseX: 649.3333333333334 MouseY: 300.6666666666667
[ERROR] 2018-08-23 10:59:10,504 ProvinceMapLayer.lambda$new$0() - null MouseX: 638.6666666666666 MouseY: 300.6666666666667
[ERROR] 2018-08-23 10:59:10,516 ProvinceMapLayer.lambda$new$0() - null MouseX: 629.3333333333334 MouseY: 300.6666666666667
[ERROR] 2018-08-23 10:59:10,530 ProvinceMapLayer.lambda$new$0() - null MouseX: 621.3333333333334 MouseY: 300.6666666666667
[ERROR] 2018-08-23 10:59:10,556 ProvinceMapLayer.lambda$new$0() - null MouseX: 613.3333333333334 MouseY: 300.6666666666667
[ERROR] 2018-08-23 10:59:10,565 ProvinceMapLayer.lambda$new$0() - null MouseX: 607.3333333333334 MouseY: 302.00000000000006
[ERROR] 2018-08-23 10:59:10,570 ProvinceMapLayer.lambda$new$0() - null MouseX: 602.0 MouseY: 302.6666666666667
[ERROR] 2018-08-23 10:59:10,586 ProvinceMapLayer.lambda$new$0() - null MouseX: 596.0 MouseY: 302.6666666666667
[ERROR] 2018-08-23 10:59:10,607 ProvinceMapLayer.lambda$new$0() - null MouseX: 594.0 MouseY: 303.33333333333337
[ERROR] 2018-08-23 10:59:10,623 ProvinceMapLayer.lambda$new$0() - null MouseX: 590.6666666666666 MouseY: 304.00000000000006
[ERROR] 2018-08-23 10:59:10,636 ProvinceMapLayer.lambda$new$0() - null MouseX: 589.3333333333334 MouseY: 304.00000000000006
[ERROR] 2018-08-23 10:59:10,640 ProvinceMapLayer.lambda$new$0() - null MouseX: 586.6666666666666 MouseY: 304.6666666666667
[ERROR] 2018-08-23 10:59:10,652 ProvinceMapLayer.lambda$new$0() - null MouseX: 585.3333333333334 MouseY: 305.33333333333337
[ERROR] 2018-08-23 10:59:10,659 ProvinceMapLayer.lambda$new$0() - null MouseX: 584.0 MouseY: 306.00000000000006
[ERROR] 2018-08-23 10:59:10,672 ProvinceMapLayer.lambda$new$0() - null MouseX: 582.0 MouseY: 306.6666666666667
[ERROR] 2018-08-23 10:59:10,686 ProvinceMapLayer.lambda$new$0() - null MouseX: 580.0 MouseY: 308.6666666666667
[ERROR] 2018-08-23 10:59:10,693 ProvinceMapLayer.lambda$new$0() - null MouseX: 577.3333333333334 MouseY: 309.33333333333337
[ERROR] 2018-08-23 10:59:10,706 ProvinceMapLayer.lambda$new$0() - null MouseX: 575.3333333333334 MouseY: 310.00000000000006
[ERROR] 2018-08-23 10:59:10,721 ProvinceMapLayer.lambda$new$0() - null MouseX: 573.3333333333334 MouseY: 311.33333333333337
[ERROR] 2018-08-23 10:59:10,735 ProvinceMapLayer.lambda$new$0() - null MouseX: 570.6666666666666 MouseY: 312.00000000000006
[ERROR] 2018-08-23 10:59:10,741 ProvinceMapLayer.lambda$new$0() - null MouseX: 568.0 MouseY: 314.00000000000006
[ERROR] 2018-08-23 10:59:10,755 ProvinceMapLayer.lambda$new$0() - null MouseX: 564.0 MouseY: 317.33333333333337
[ERROR] 2018-08-23 10:59:10,769 ProvinceMapLayer.lambda$new$0() - null MouseX: 562.0 MouseY: 318.6666666666667
[ERROR] 2018-08-23 10:59:10,782 ProvinceMapLayer.lambda$new$0() - null MouseX: 558.6666666666666 MouseY: 321.33333333333337
[ERROR] 2018-08-23 10:59:10,790 ProvinceMapLayer.lambda$new$0() - null MouseX: 556.0 MouseY: 323.33333333333337
[ERROR] 2018-08-23 10:59:10,805 ProvinceMapLayer.lambda$new$0() - null MouseX: 554.0 MouseY: 326.00000000000006
[ERROR] 2018-08-23 10:59:10,817 ProvinceMapLayer.lambda$new$0() - null MouseX: 551.3333333333334 MouseY: 328.00000000000006
[ERROR] 2018-08-23 10:59:10,831 ProvinceMapLayer.lambda$new$0() - null MouseX: 549.3333333333334 MouseY: 330.6666666666667
[ERROR] 2018-08-23 10:59:10,845 ProvinceMapLayer.lambda$new$0() - null MouseX: 548.0 MouseY: 332.00000000000006
[ERROR] 2018-08-23 10:59:10,852 ProvinceMapLayer.lambda$new$0() - null MouseX: 545.3333333333334 MouseY: 334.00000000000006
[ERROR] 2018-08-23 10:59:10,865 ProvinceMapLayer.lambda$new$0() - null MouseX: 543.3333333333334 MouseY: 336.00000000000006
[ERROR] 2018-08-23 10:59:10,879 ProvinceMapLayer.lambda$new$0() - null MouseX: 540.6666666666666 MouseY: 339.33333333333337
[ERROR] 2018-08-23 10:59:10,893 ProvinceMapLayer.lambda$new$0() - null MouseX: 539.3333333333334 MouseY: 340.6666666666667
[ERROR] 2018-08-23 10:59:10,907 ProvinceMapLayer.lambda$new$0() - null MouseX: 538.0 MouseY: 342.6666666666667
[ERROR] 2018-08-23 10:59:10,914 ProvinceMapLayer.lambda$new$0() - null MouseX: 536.6666666666666 MouseY: 344.6666666666667
[ERROR] 2018-08-23 10:59:10,927 ProvinceMapLayer.lambda$new$0() - null MouseX: 535.3333333333334 MouseY: 346.6666666666667
[ERROR] 2018-08-23 10:59:10,942 ProvinceMapLayer.lambda$new$0() - null MouseX: 532.6666666666666 MouseY: 348.6666666666667
[ERROR] 2018-08-23 10:59:10,956 ProvinceMapLayer.lambda$new$0() - null MouseX: 531.3333333333334 MouseY: 352.00000000000006
[ERROR] 2018-08-23 10:59:10,962 ProvinceMapLayer.lambda$new$0() - null MouseX: 528.6666666666666 MouseY: 355.33333333333337
[ERROR] 2018-08-23 10:59:10,976 ProvinceMapLayer.lambda$new$0() - null MouseX: 526.6666666666666 MouseY: 358.6666666666667
[ERROR] 2018-08-23 10:59:10,990 ProvinceMapLayer.lambda$new$0() - null MouseX: 524.0 MouseY: 362.00000000000006
[ERROR] 2018-08-23 10:59:11,011 ProvinceMapLayer.lambda$new$0() - null MouseX: 521.3333333333334 MouseY: 368.00000000000006
[ERROR] 2018-08-23 10:59:11,020 ProvinceMapLayer.lambda$new$0() - null MouseX: 519.3333333333334 MouseY: 372.6666666666667
[ERROR] 2018-08-23 10:59:11,034 ProvinceMapLayer.lambda$new$0() - null MouseX: 516.6666666666666 MouseY: 380.00000000000006
[ERROR] 2018-08-23 10:59:11,041 ProvinceMapLayer.lambda$new$0() - null MouseX: 512.6666666666666 MouseY: 386.00000000000006
[ERROR] 2018-08-23 10:59:11,055 ProvinceMapLayer.lambda$new$0() - null MouseX: 509.33333333333337 MouseY: 392.00000000000006
[ERROR] 2018-08-23 10:59:11,074 ProvinceMapLayer.lambda$new$0() - null MouseX: 505.33333333333337 MouseY: 398.6666666666667
[ERROR] 2018-08-23 10:59:11,090 ProvinceMapLayer.lambda$new$0() - null MouseX: 502.0 MouseY: 404.6666666666667
[ERROR] 2018-08-23 10:59:11,095 ProvinceMapLayer.lambda$new$0() - null MouseX: 497.33333333333337 MouseY: 410.6666666666667
[ERROR] 2018-08-23 10:59:11,104 ProvinceMapLayer.lambda$new$0() - null MouseX: 493.33333333333337 MouseY: 418.00000000000006
[ERROR] 2018-08-23 10:59:11,115 ProvinceMapLayer.lambda$new$0() - null MouseX: 488.0 MouseY: 424.6666666666667
[ERROR] 2018-08-23 10:59:11,128 ProvinceMapLayer.lambda$new$0() - null MouseX: 484.0 MouseY: 430.6666666666667
[ERROR] 2018-08-23 10:59:11,142 ProvinceMapLayer.lambda$new$0() - null MouseX: 481.33333333333337 MouseY: 434.00000000000006
[ERROR] 2018-08-23 10:59:11,148 ProvinceMapLayer.lambda$new$0() - null MouseX: 478.66666666666663 MouseY: 437.33333333333337
[ERROR] 2018-08-23 10:59:11,162 ProvinceMapLayer.lambda$new$0() - null MouseX: 474.66666666666663 MouseY: 442.00000000000006
[ERROR] 2018-08-23 10:59:11,176 ProvinceMapLayer.lambda$new$0() - null MouseX: 471.33333333333337 MouseY: 446.00000000000006
[ERROR] 2018-08-23 10:59:11,193 ProvinceMapLayer.lambda$new$0() - null MouseX: 468.66666666666663 MouseY: 448.00000000000006
[ERROR] 2018-08-23 10:59:11,203 ProvinceMapLayer.lambda$new$0() - null MouseX: 465.33333333333337 MouseY: 452.00000000000006
[ERROR] 2018-08-23 10:59:11,212 ProvinceMapLayer.lambda$new$0() - null MouseX: 463.33333333333337 MouseY: 454.00000000000006
[ERROR] 2018-08-23 10:59:11,228 ProvinceMapLayer.lambda$new$0() - null MouseX: 460.66666666666663 MouseY: 456.00000000000006
[ERROR] 2018-08-23 10:59:11,242 ProvinceMapLayer.lambda$new$0() - null MouseX: 458.66666666666663 MouseY: 457.33333333333337
[ERROR] 2018-08-23 10:59:11,255 ProvinceMapLayer.lambda$new$0() - null MouseX: 456.0 MouseY: 459.33333333333337
[ERROR] 2018-08-23 10:59:11,270 ProvinceMapLayer.lambda$new$0() - null MouseX: 454.0 MouseY: 460.6666666666667
[ERROR] 2018-08-23 10:59:11,277 ProvinceMapLayer.lambda$new$0() - null MouseX: 450.66666666666663 MouseY: 462.6666666666667
[ERROR] 2018-08-23 10:59:11,289 ProvinceMapLayer.lambda$new$0() - null MouseX: 448.66666666666663 MouseY: 463.33333333333337
[ERROR] 2018-08-23 10:59:11,305 ProvinceMapLayer.lambda$new$0() - null MouseX: 445.33333333333337 MouseY: 465.33333333333337
[ERROR] 2018-08-23 10:59:11,315 ProvinceMapLayer.lambda$new$0() - null MouseX: 440.66666666666663 MouseY: 466.6666666666667
[ERROR] 2018-08-23 10:59:11,322 ProvinceMapLayer.lambda$new$0() - null MouseX: 436.66666666666663 MouseY: 468.00000000000006
[ERROR] 2018-08-23 10:59:11,337 ProvinceMapLayer.lambda$new$0() - null MouseX: 433.33333333333337 MouseY: 470.00000000000006
[ERROR] 2018-08-23 10:59:11,348 ProvinceMapLayer.lambda$new$0() - null MouseX: 428.66666666666663 MouseY: 470.6666666666667
[ERROR] 2018-08-23 10:59:11,362 ProvinceMapLayer.lambda$new$0() - null MouseX: 425.33333333333337 MouseY: 472.6666666666667
[ERROR] 2018-08-23 10:59:11,376 ProvinceMapLayer.lambda$new$0() - null MouseX: 422.66666666666663 MouseY: 473.33333333333337
[ERROR] 2018-08-23 10:59:11,394 ProvinceMapLayer.lambda$new$0() - null MouseX: 419.33333333333337 MouseY: 474.00000000000006
[ERROR] 2018-08-23 10:59:11,398 ProvinceMapLayer.lambda$new$0() - null MouseX: 416.0 MouseY: 476.00000000000006
[ERROR] 2018-08-23 10:59:11,411 ProvinceMapLayer.lambda$new$0() - null MouseX: 414.0 MouseY: 476.6666666666667
[ERROR] 2018-08-23 10:59:11,424 ProvinceMapLayer.lambda$new$0() - null MouseX: 410.66666666666663 MouseY: 477.33333333333337
[ERROR] 2018-08-23 10:59:11,439 ProvinceMapLayer.lambda$new$0() - null MouseX: 408.66666666666663 MouseY: 478.00000000000006
[ERROR] 2018-08-23 10:59:11,445 ProvinceMapLayer.lambda$new$0() - null MouseX: 405.33333333333337 MouseY: 478.6666666666667
[ERROR] 2018-08-23 10:59:11,459 ProvinceMapLayer.lambda$new$0() - null MouseX: 404.0 MouseY: 479.33333333333337
[ERROR] 2018-08-23 10:59:11,473 ProvinceMapLayer.lambda$new$0() - null MouseX: 401.33333333333337 MouseY: 480.00000000000006
[ERROR] 2018-08-23 10:59:11,488 ProvinceMapLayer.lambda$new$0() - null MouseX: 398.66666666666663 MouseY: 480.6666666666667
[ERROR] 2018-08-23 10:59:11,501 ProvinceMapLayer.lambda$new$0() - null MouseX: 396.66666666666663 MouseY: 480.6666666666667
[ERROR] 2018-08-23 10:59:11,509 ProvinceMapLayer.lambda$new$0() - null MouseX: 395.33333333333337 MouseY: 481.33333333333337
[ERROR] 2018-08-23 10:59:11,525 ProvinceMapLayer.lambda$new$0() - null MouseX: 393.33333333333337 MouseY: 481.33333333333337
[ERROR] 2018-08-23 10:59:11,535 ProvinceMapLayer.lambda$new$0() - null MouseX: 392.0 MouseY: 481.33333333333337
[ERROR] 2018-08-23 10:59:11,549 ProvinceMapLayer.lambda$new$0() - null MouseX: 388.66666666666663 MouseY: 482.00000000000006
[ERROR] 2018-08-23 10:59:11,562 ProvinceMapLayer.lambda$new$0() - null MouseX: 387.33333333333337 MouseY: 482.00000000000006
[ERROR] 2018-08-23 10:59:11,570 ProvinceMapLayer.lambda$new$0() - null MouseX: 385.33333333333337 MouseY: 483.33333333333337
[ERROR] 2018-08-23 10:59:11,583 ProvinceMapLayer.lambda$new$0() - null MouseX: 384.0 MouseY: 483.33333333333337
[ERROR] 2018-08-23 10:59:11,597 ProvinceMapLayer.lambda$new$0() - null MouseX: 382.66666666666663 MouseY: 483.33333333333337
[ERROR] 2018-08-23 10:59:11,611 ProvinceMapLayer.lambda$new$0() - null MouseX: 381.33333333333337 MouseY: 483.33333333333337
[ERROR] 2018-08-23 10:59:11,617 ProvinceMapLayer.lambda$new$0() - null MouseX: 380.0 MouseY: 483.33333333333337
[ERROR] 2018-08-23 10:59:11,632 ProvinceMapLayer.lambda$new$0() - null MouseX: 379.3333333333333 MouseY: 483.33333333333337
[ERROR] 2018-08-23 10:59:11,640 ProvinceMapLayer.lambda$new$0() - null MouseX: 378.0 MouseY: 483.33333333333337
[ERROR] 2018-08-23 10:59:11,654 ProvinceMapLayer.lambda$new$0() - null MouseX: 375.3333333333333 MouseY: 482.6666666666667
[ERROR] 2018-08-23 10:59:11,660 ProvinceMapLayer.lambda$new$0() - null MouseX: 373.3333333333333 MouseY: 482.00000000000006
[ERROR] 2018-08-23 10:59:11,675 ProvinceMapLayer.lambda$new$0() - null MouseX: 371.3333333333333 MouseY: 481.33333333333337
[ERROR] 2018-08-23 10:59:11,688 ProvinceMapLayer.lambda$new$0() - null MouseX: 368.6666666666667 MouseY: 480.6666666666667
[ERROR] 2018-08-23 10:59:11,694 ProvinceMapLayer.lambda$new$0() - null MouseX: 366.0 MouseY: 479.33333333333337
[ERROR] 2018-08-23 10:59:11,708 ProvinceMapLayer.lambda$new$0() - null MouseX: 363.3333333333333 MouseY: 478.6666666666667
[ERROR] 2018-08-23 10:59:11,714 ProvinceMapLayer.lambda$new$0() - null MouseX: 360.6666666666667 MouseY: 478.00000000000006
[ERROR] 2018-08-23 10:59:11,728 ProvinceMapLayer.lambda$new$0() - null MouseX: 358.0 MouseY: 476.00000000000006
[ERROR] 2018-08-23 10:59:11,739 ProvinceMapLayer.lambda$new$0() - null MouseX: 354.0 MouseY: 474.6666666666667
[ERROR] 2018-08-23 10:59:11,749 ProvinceMapLayer.lambda$new$0() - null MouseX: 350.6666666666667 MouseY: 472.6666666666667
[ERROR] 2018-08-23 10:59:11,762 ProvinceMapLayer.lambda$new$0() - null MouseX: 344.6666666666667 MouseY: 470.6666666666667
[ERROR] 2018-08-23 10:59:11,776 ProvinceMapLayer.lambda$new$0() - null MouseX: 339.3333333333333 MouseY: 468.00000000000006
[ERROR] 2018-08-23 10:59:11,790 ProvinceMapLayer.lambda$new$0() - null MouseX: 330.6666666666667 MouseY: 466.00000000000006
[ERROR] 2018-08-23 10:59:11,797 ProvinceMapLayer.lambda$new$0() - null MouseX: 321.3333333333333 MouseY: 464.00000000000006
[ERROR] 2018-08-23 10:59:11,811 ProvinceMapLayer.lambda$new$0() - null MouseX: 311.3333333333333 MouseY: 460.6666666666667
[ERROR] 2018-08-23 10:59:11,825 ProvinceMapLayer.lambda$new$0() - null MouseX: 302.0 MouseY: 458.6666666666667
[ERROR] 2018-08-23 10:59:11,839 ProvinceMapLayer.lambda$new$0() - null MouseX: 294.0 MouseY: 456.6666666666667
[ERROR] 2018-08-23 10:59:11,854 ProvinceMapLayer.lambda$new$0() - null MouseX: 285.3333333333333 MouseY: 455.33333333333337
[ERROR] 2018-08-23 10:59:11,860 ProvinceMapLayer.lambda$new$0() - null MouseX: 280.0 MouseY: 453.33333333333337
[ERROR] 2018-08-23 10:59:11,874 ProvinceMapLayer.lambda$new$0() - null MouseX: 273.3333333333333 MouseY: 453.33333333333337
[ERROR] 2018-08-23 10:59:11,888 ProvinceMapLayer.lambda$new$0() - null MouseX: 267.3333333333333 MouseY: 453.33333333333337
[ERROR] 2018-08-23 10:59:11,901 ProvinceMapLayer.lambda$new$0() - null MouseX: 260.6666666666667 MouseY: 453.33333333333337
[ERROR] 2018-08-23 10:59:11,909 ProvinceMapLayer.lambda$new$0() - null MouseX: 255.33333333333331 MouseY: 453.33333333333337
[ERROR] 2018-08-23 10:59:11,925 ProvinceMapLayer.lambda$new$0() - null MouseX: 248.66666666666669 MouseY: 454.6666666666667
[ERROR] 2018-08-23 10:59:11,937 ProvinceMapLayer.lambda$new$0() - null MouseX: 241.33333333333331 MouseY: 456.6666666666667
[ERROR] 2018-08-23 10:59:11,950 ProvinceMapLayer.lambda$new$0() - null MouseX: 235.33333333333331 MouseY: 458.6666666666667
[ERROR] 2018-08-23 10:59:11,964 ProvinceMapLayer.lambda$new$0() - null MouseX: 231.33333333333331 MouseY: 460.6666666666667
[ERROR] 2018-08-23 10:59:11,971 ProvinceMapLayer.lambda$new$0() - null MouseX: 228.66666666666669 MouseY: 461.33333333333337
[ERROR] 2018-08-23 10:59:11,984 ProvinceMapLayer.lambda$new$0() - null MouseX: 227.33333333333331 MouseY: 462.00000000000006
[ERROR] 2018-08-23 10:59:12,255 ProvinceMapLayer.lambda$new$0() - null MouseX: 208.0 MouseY: 492.66666666666674
[ERROR] 2018-08-23 10:59:12,268 ProvinceMapLayer.lambda$new$0() - null MouseX: 175.33333333333331 MouseY: 543.9999999999999
[ERROR] 2018-08-23 10:59:15,663 ProvinceMapLayer.lambda$new$0() - null MouseX: 315.3333333333333 MouseY: 559.9999999999999
[ERROR] 2018-08-23 10:59:15,699 ProvinceMapLayer.lambda$new$0() - null MouseX: 661.3333333333334 MouseY: 308.6666666666667
[ERROR] 2018-08-23 10:59:15,713 ProvinceMapLayer.lambda$new$0() - null MouseX: 785.3333333333334 MouseY: 215.33333333333331
[ERROR] 2018-08-23 10:59:15,726 ProvinceMapLayer.lambda$new$0() - null MouseX: 904.0 MouseY: 131.99999999999997
[ERROR] 2018-08-23 10:59:15,751 ProvinceMapLayer.lambda$new$0() - null MouseX: 1001.3333333333333 MouseY: 62.666666666666664
